[Mon Dec 25 17:06:36.784092 2023] [include:warn] [pid 67958] [client ::1:63807] AH01374: mod_include: Options +Includes (or IncludesNoExec) wasn't set, INCLUDES filter removed: /tpl/product.html, referer: http://localhost/
[Mon Dec 25 17:09:13.874162 2023] [include:warn] [pid 67779] [client ::1:64449] AH01374: mod_include: Options +Includes (or IncludesNoExec) wasn't set, INCLUDES filter removed: /tpl/product.html, referer: http://localhost/
[Mon Dec 25 17:11:57.509745 2023] [include:warn] [pid 67958] [client ::1:65138] AH01374: mod_include: Options +Includes (or IncludesNoExec) wasn't set, INCLUDES filter removed: /tpl/product.html, referer: http://localhost/
[Mon Dec 25 17:12:41.447026 2023] [include:warn] [pid 67775] [client ::1:65324] AH01374: mod_include: Options +Includes (or IncludesNoExec) wasn't set, INCLUDES filter removed: /tpl/product.html, referer: http://localhost/
[Mon Dec 25 17:14:41.562470 2023] [include:warn] [pid 67778] [client ::1:49436] AH01374: mod_include: Options +Includes (or IncludesNoExec) wasn't set, INCLUDES filter removed: /tpl/product.html, referer: http://localhost/
[Mon Dec 25 17:15:11.285233 2023] [include:warn] [pid 67959] [client ::1:49564] AH01374: mod_include: Options +Includes (or IncludesNoExec) wasn't set, INCLUDES filter removed: /tpl/product.html, referer: http://localhost/
[Mon Dec 25 17:16:44.956927 2023] [include:warn] [pid 67949] [client ::1:49950] AH01374: mod_include: Options +Includes (or IncludesNoExec) wasn't set, INCLUDES filter removed: /tpl/product.html, referer: http://localhost/
[Mon Dec 25 17:26:35.979788 2023] [include:warn] [pid 67779] [client ::1:52482] AH01374: mod_include: Options +Includes (or IncludesNoExec) wasn't set, INCLUDES filter removed: /tpl/product.html, referer: http://localhost/
[Mon Dec 25 17:39:14.561986 2023] [include:warn] [pid 67949] [client ::1:55647] AH01374: mod_include: Options +Includes (or IncludesNoExec) wasn't set, INCLUDES filter removed: /tpl/product.html, referer: http://localhost/
[Mon Dec 25 17:39:18.582370 2023] [cgi:error] [pid 67777] [client ::1:55646] AH01215: ERROR:root:SQL error: /Users/grynch/Files/ITStep/Python-Uni/cgi/api/cart.py, referer: http://localhost/
[Mon Dec 25 17:41:49.955019 2023] [cgi:error] [pid 67776] [client ::1:56307] AH01215: ERROR:root:SQL error: /Users/grynch/Files/ITStep/Python-Uni/cgi/api/cart.py, referer: http://localhost/
[Mon Dec 25 17:42:03.323288 2023] [include:warn] [pid 67779] [client ::1:56367] AH01374: mod_include: Options +Includes (or IncludesNoExec) wasn't set, INCLUDES filter removed: /tpl/product.html, referer: http://localhost/
[Mon Dec 25 17:42:07.988602 2023] [cgi:error] [pid 67958] [client ::1:56388] AH01215: ERROR:root:SQL error: /Users/grynch/Files/ITStep/Python-Uni/cgi/api/cart.py, referer: http://localhost/
[Mon Dec 25 17:45:12.219156 2023] [include:warn] [pid 67777] [client ::1:57142] AH01374: mod_include: Options +Includes (or IncludesNoExec) wasn't set, INCLUDES filter removed: /tpl/product.html, referer: http://localhost/
[Mon Dec 25 17:45:17.841396 2023] [cgi:error] [pid 67779] [client ::1:57171] AH01215: ERROR:root:SQL error: /Users/grynch/Files/ITStep/Python-Uni/cgi/api/cart.py, referer: http://localhost/
[Mon Dec 25 17:48:09.796163 2023] [include:warn] [pid 67778] [client ::1:57868] AH01374: mod_include: Options +Includes (or IncludesNoExec) wasn't set, INCLUDES filter removed: /tpl/product.html, referer: http://localhost/
[Mon Dec 25 17:48:13.096509 2023] [cgi:error] [pid 67959] [client ::1:57869] AH01215: ERROR:root:SQL error: /Users/grynch/Files/ITStep/Python-Uni/cgi/api/cart.py, referer: http://localhost/
[Mon Dec 25 17:50:21.780300 2023] [include:warn] [pid 67775] [client ::1:58411] AH01374: mod_include: Options +Includes (or IncludesNoExec) wasn't set, INCLUDES filter removed: /tpl/product.html, referer: http://localhost/
[Mon Dec 25 17:50:23.689522 2023] [cgi:error] [pid 67779] [client ::1:58412] AH01215: ERROR:root:Could not process parameters: str(100637654525149186), it must be of type list, tuple or dict: /Users/grynch/Files/ITStep/Python-Uni/cgi/api/cart.py, referer: http://localhost/
[Mon Dec 25 17:51:16.897498 2023] [include:warn] [pid 67959] [client ::1:58684] AH01374: mod_include: Options +Includes (or IncludesNoExec) wasn't set, INCLUDES filter removed: /tpl/product.html, referer: http://localhost/
[Mon Dec 25 17:51:19.050134 2023] [cgi:error] [pid 67777] [client ::1:58683] AH01215: ERROR:root:Exception: /Users/grynch/Files/ITStep/Python-Uni/cgi/api/cart.py, referer: http://localhost/
[Mon Dec 25 17:51:53.046364 2023] [include:warn] [pid 67775] [client ::1:58839] AH01374: mod_include: Options +Includes (or IncludesNoExec) wasn't set, INCLUDES filter removed: /tpl/product.html, referer: http://localhost/
[Mon Dec 25 17:51:54.713824 2023] [cgi:error] [pid 67958] [client ::1:58840] AH01215: ERROR:root:Exception: /Users/grynch/Files/ITStep/Python-Uni/cgi/api/cart.py, referer: http://localhost/
[Mon Dec 25 17:53:22.967560 2023] [include:warn] [pid 67779] [client ::1:59210] AH01374: mod_include: Options +Includes (or IncludesNoExec) wasn't set, INCLUDES filter removed: /tpl/product.html, referer: http://localhost/
[Mon Dec 25 17:53:25.071077 2023] [cgi:error] [pid 67776] [client ::1:59211] AH01215: ERROR:root:b'product_id': /Users/grynch/Files/ITStep/Python-Uni/cgi/api/cart.py, referer: http://localhost/
[Mon Dec 25 17:54:15.938685 2023] [include:warn] [pid 67778] [client ::1:59435] AH01374: mod_include: Options +Includes (or IncludesNoExec) wasn't set, INCLUDES filter removed: /tpl/product.html, referer: http://localhost/
[Mon Dec 25 17:56:26.423158 2023] [include:warn] [pid 67776] [client ::1:60041] AH01374: mod_include: Options +Includes (or IncludesNoExec) wasn't set, INCLUDES filter removed: /tpl/product.html, referer: http://localhost/
[Mon Dec 25 17:56:31.428508 2023] [cgi:error] [pid 67959] [client ::1:60040] AH01215: ERROR:root:b'user_id': /Users/grynch/Files/ITStep/Python-Uni/cgi/api/cart.py, referer: http://localhost/
[Mon Dec 25 17:58:12.134147 2023] [include:warn] [pid 67775] [client ::1:60474] AH01374: mod_include: Options +Includes (or IncludesNoExec) wasn't set, INCLUDES filter removed: /tpl/product.html, referer: http://localhost/
[Mon Dec 25 17:58:34.527487 2023] [include:warn] [pid 67776] [client ::1:60574] AH01374: mod_include: Options +Includes (or IncludesNoExec) wasn't set, INCLUDES filter removed: /tpl/product.html, referer: http://localhost/
[Mon Dec 25 17:58:36.588854 2023] [cgi:error] [pid 67777] [client ::1:60575] AH01215: ERROR:root:b'user_id': /Users/grynch/Files/ITStep/Python-Uni/cgi/api/cart.py, referer: http://localhost/
[Mon Dec 25 17:59:51.462880 2023] [include:warn] [pid 67958] [client ::1:60891] AH01374: mod_include: Options +Includes (or IncludesNoExec) wasn't set, INCLUDES filter removed: /tpl/product.html, referer: http://localhost/
[Mon Dec 25 19:35:50.487298 2023] [include:warn] [pid 67776] [client ::1:51998] AH01374: mod_include: Options +Includes (or IncludesNoExec) wasn't set, INCLUDES filter removed: /tpl/product.html, referer: http://localhost/
[Mon Dec 25 19:37:23.615429 2023] [include:warn] [pid 67779] [client ::1:52394] AH01374: mod_include: Options +Includes (or IncludesNoExec) wasn't set, INCLUDES filter removed: /tpl/product.html, referer: http://localhost/
[Mon Dec 25 19:38:01.849597 2023] [include:warn] [pid 67778] [client ::1:52558] AH01374: mod_include: Options +Includes (or IncludesNoExec) wasn't set, INCLUDES filter removed: /tpl/product.html, referer: http://localhost/
[Mon Dec 25 19:38:33.488872 2023] [include:warn] [pid 67777] [client ::1:52693] AH01374: mod_include: Options +Includes (or IncludesNoExec) wasn't set, INCLUDES filter removed: /tpl/product.html, referer: http://localhost/
[Mon Dec 25 19:39:51.997420 2023] [include:warn] [pid 67958] [client ::1:53022] AH01374: mod_include: Options +Includes (or IncludesNoExec) wasn't set, INCLUDES filter removed: /tpl/product.html, referer: http://localhost/
[Mon Dec 25 23:42:54.423210 2023] [include:warn] [pid 67778] [client ::1:62540] AH01374: mod_include: Options +Includes (or IncludesNoExec) wasn't set, INCLUDES filter removed: /tpl/product.html, referer: http://localhost/
[Mon Dec 25 23:47:53.826449 2023] [include:warn] [pid 67775] [client ::1:63776] AH01374: mod_include: Options +Includes (or IncludesNoExec) wasn't set, INCLUDES filter removed: /tpl/product.html, referer: http://localhost/
[Mon Dec 25 23:50:29.551409 2023] [include:warn] [pid 67949] [client ::1:64416] AH01374: mod_include: Options +Includes (or IncludesNoExec) wasn't set, INCLUDES filter removed: /tpl/product.html, referer: http://localhost/
[Mon Dec 25 23:51:32.004481 2023] [include:warn] [pid 67775] [client ::1:64687] AH01374: mod_include: Options +Includes (or IncludesNoExec) wasn't set, INCLUDES filter removed: /tpl/product.html, referer: http://localhost/
[Mon Dec 25 23:53:36.481785 2023] [include:warn] [pid 67778] [client ::1:65205] AH01374: mod_include: Options +Includes (or IncludesNoExec) wasn't set, INCLUDES filter removed: /tpl/product.html, referer: http://localhost/
[Mon Dec 25 23:54:37.426613 2023] [include:warn] [pid 67779] [client ::1:65462] AH01374: mod_include: Options +Includes (or IncludesNoExec) wasn't set, INCLUDES filter removed: /tpl/product.html, referer: http://localhost/
[Mon Dec 25 23:54:50.882062 2023] [include:warn] [pid 67949] [client ::1:65529] AH01374: mod_include: Options +Includes (or IncludesNoExec) wasn't set, INCLUDES filter removed: /tpl/product.html, referer: http://localhost/
[Mon Dec 25 23:55:16.782290 2023] [include:warn] [pid 67776] [client ::1:49252] AH01374: mod_include: Options +Includes (or IncludesNoExec) wasn't set, INCLUDES filter removed: /tpl/product.html, referer: http://localhost/
[Mon Dec 25 23:55:19.020293 2023] [cgi:error] [pid 67778] [client ::1:49253] AH01215: ERROR:root:'NoneType' object is not subscriptable: /Users/grynch/Files/ITStep/Python-Uni/cgi/api/cart.py, referer: http://localhost/
[Mon Dec 25 23:55:19.020802 2023] [cgi:error] [pid 67778] [client ::1:49253] AH01215: ERROR:root:'NoneType' object is not subscriptable: /Users/grynch/Files/ITStep/Python-Uni/cgi/api/cart.py, referer: http://localhost/
[Mon Dec 25 23:56:52.002563 2023] [include:warn] [pid 67777] [client ::1:49653] AH01374: mod_include: Options +Includes (or IncludesNoExec) wasn't set, INCLUDES filter removed: /tpl/product.html, referer: http://localhost/
[Tue Dec 26 00:00:25.079543 2023] [include:warn] [pid 67775] [client ::1:51035] AH01374: mod_include: Options +Includes (or IncludesNoExec) wasn't set, INCLUDES filter removed: /tpl/product.html, referer: http://localhost/
[Tue Dec 26 00:00:27.023692 2023] [cgi:error] [pid 67778] [client ::1:51036] AH01215: ERROR:root:Cart.get_cart_item_by_product_id() takes 1 positional argument but 2 were given: /Users/grynch/Files/ITStep/Python-Uni/cgi/api/cart.py, referer: http://localhost/
[Tue Dec 26 00:01:52.777821 2023] [include:warn] [pid 67959] [client ::1:51400] AH01374: mod_include: Options +Includes (or IncludesNoExec) wasn't set, INCLUDES filter removed: /tpl/product.html, referer: http://localhost/
[Tue Dec 26 00:01:55.481687 2023] [cgi:error] [pid 67779] [client ::1:51399] AH01215: ERROR:root:Cart.get_cart_item_by_product_id() takes 1 positional argument but 2 were given: /Users/grynch/Files/ITStep/Python-Uni/cgi/api/cart.py, referer: http://localhost/
[Tue Dec 26 00:02:13.949485 2023] [include:warn] [pid 67777] [client ::1:51492] AH01374: mod_include: Options +Includes (or IncludesNoExec) wasn't set, INCLUDES filter removed: /tpl/product.html, referer: http://localhost/
[Tue Dec 26 00:02:16.256873 2023] [cgi:error] [pid 67958] [client ::1:51493] AH01215: ERROR:root:Cart.get_cart_item_by_product_id() takes 1 positional argument but 2 were given: /Users/grynch/Files/ITStep/Python-Uni/cgi/api/cart.py, referer: http://localhost/
[Tue Dec 26 00:04:13.964899 2023] [include:warn] [pid 67775] [client ::1:51988] AH01374: mod_include: Options +Includes (or IncludesNoExec) wasn't set, INCLUDES filter removed: /tpl/product.html, referer: http://localhost/
[Tue Dec 26 00:04:16.276313 2023] [cgi:error] [pid 67959] [client ::1:51987] AH01215: ERROR:root:'NoneType' object is not subscriptable: /Users/grynch/Files/ITStep/Python-Uni/cgi/api/cart.py, referer: http://localhost/
[Tue Dec 26 00:04:41.081987 2023] [include:warn] [pid 67949] [client ::1:52107] AH01374: mod_include: Options +Includes (or IncludesNoExec) wasn't set, INCLUDES filter removed: /tpl/product.html, referer: http://localhost/
[Tue Dec 26 00:04:44.128687 2023] [cgi:error] [pid 67777] [client ::1:52106] AH01215: ERROR:root:'NoneType' object is not subscriptable: /Users/grynch/Files/ITStep/Python-Uni/cgi/api/cart.py, referer: http://localhost/
[Tue Dec 26 00:05:22.438666 2023] [include:warn] [pid 67775] [client ::1:52286] AH01374: mod_include: Options +Includes (or IncludesNoExec) wasn't set, INCLUDES filter removed: /tpl/product.html, referer: http://localhost/
[Tue Dec 26 00:05:25.157486 2023] [cgi:error] [pid 67776] [client ::1:52285] AH01215: ERROR:root:100637654525149185: /Users/grynch/Files/ITStep/Python-Uni/cgi/api/cart.py, referer: http://localhost/
[Tue Dec 26 00:06:02.753081 2023] [include:warn] [pid 67949] [client ::1:52459] AH01374: mod_include: Options +Includes (or IncludesNoExec) wasn't set, INCLUDES filter removed: /tpl/product.html, referer: http://localhost/
[Tue Dec 26 00:06:04.792808 2023] [cgi:error] [pid 67958] [client ::1:52458] AH01215: ERROR:root:None: /Users/grynch/Files/ITStep/Python-Uni/cgi/api/cart.py, referer: http://localhost/
[Tue Dec 26 00:06:34.515558 2023] [include:warn] [pid 67959] [client ::1:52595] AH01374: mod_include: Options +Includes (or IncludesNoExec) wasn't set, INCLUDES filter removed: /tpl/product.html, referer: http://localhost/
[Tue Dec 26 00:06:36.867115 2023] [cgi:error] [pid 67775] [client ::1:52594] AH01215: ERROR:root:1054 (42S22): Unknown column ''100637654525149185'' in 'where clause': /Users/grynch/Files/ITStep/Python-Uni/cgi/api/cart.py, referer: http://localhost/
[Tue Dec 26 00:07:32.150280 2023] [include:warn] [pid 67777] [client ::1:52835] AH01374: mod_include: Options +Includes (or IncludesNoExec) wasn't set, INCLUDES filter removed: /tpl/product.html, referer: http://localhost/
[Tue Dec 26 00:07:34.515354 2023] [cgi:error] [pid 67949] [client ::1:52836] AH01215: ERROR:root:None: /Users/grynch/Files/ITStep/Python-Uni/cgi/api/cart.py, referer: http://localhost/
[Tue Dec 26 00:07:59.643085 2023] [include:warn] [pid 67776] [client ::1:52958] AH01374: mod_include: Options +Includes (or IncludesNoExec) wasn't set, INCLUDES filter removed: /tpl/product.html, referer: http://localhost/
[Tue Dec 26 00:08:02.045122 2023] [cgi:error] [pid 67959] [client ::1:52957] AH01215: ERROR:root:[]: /Users/grynch/Files/ITStep/Python-Uni/cgi/api/cart.py, referer: http://localhost/
[Tue Dec 26 00:08:50.307181 2023] [include:warn] [pid 67949] [client ::1:53168] AH01374: mod_include: Options +Includes (or IncludesNoExec) wasn't set, INCLUDES filter removed: /tpl/product.html, referer: http://localhost/
[Tue Dec 26 00:08:52.308944 2023] [cgi:error] [pid 67958] [client ::1:53169] AH01215: ERROR:root:Unread result found: /Users/grynch/Files/ITStep/Python-Uni/cgi/api/cart.py, referer: http://localhost/
[Tue Dec 26 00:09:12.630744 2023] [include:warn] [pid 67779] [client ::1:53270] AH01374: mod_include: Options +Includes (or IncludesNoExec) wasn't set, INCLUDES filter removed: /tpl/product.html, referer: http://localhost/
[Tue Dec 26 00:09:15.557891 2023] [cgi:error] [pid 67777] [client ::1:53269] AH01215: ERROR:root:100637654525149185: /Users/grynch/Files/ITStep/Python-Uni/cgi/api/cart.py, referer: http://localhost/
[Tue Dec 26 00:09:52.736387 2023] [include:warn] [pid 67959] [client ::1:53442] AH01374: mod_include: Options +Includes (or IncludesNoExec) wasn't set, INCLUDES filter removed: /tpl/product.html, referer: http://localhost/
[Tue Dec 26 00:09:54.977961 2023] [cgi:error] [pid 67776] [client ::1:53443] AH01215: ERROR:root:'NoneType' object is not subscriptable: /Users/grynch/Files/ITStep/Python-Uni/cgi/api/cart.py, referer: http://localhost/
[Tue Dec 26 00:10:08.261290 2023] [include:warn] [pid 67778] [client ::1:53512] AH01374: mod_include: Options +Includes (or IncludesNoExec) wasn't set, INCLUDES filter removed: /tpl/product.html, referer: http://localhost/
[Tue Dec 26 00:10:10.167847 2023] [cgi:error] [pid 67779] [client ::1:53511] AH01215: ERROR:root:list index out of range: /Users/grynch/Files/ITStep/Python-Uni/cgi/api/cart.py, referer: http://localhost/
[Tue Dec 26 00:10:37.329714 2023] [cgi:error] [pid 67959] [client ::1:53634] AH01215: ERROR:root:list index out of range: /Users/grynch/Files/ITStep/Python-Uni/cgi/api/cart.py, referer: http://localhost/
[Tue Dec 26 00:11:30.586157 2023] [include:warn] [pid 67958] [client ::1:53852] AH01374: mod_include: Options +Includes (or IncludesNoExec) wasn't set, INCLUDES filter removed: /tpl/product.html, referer: http://localhost/
[Tue Dec 26 00:15:12.844733 2023] [include:warn] [pid 67776] [client ::1:55143] AH01374: mod_include: Options +Includes (or IncludesNoExec) wasn't set, INCLUDES filter removed: /tpl/product.html, referer: http://localhost/
[Tue Dec 26 00:17:15.444759 2023] [include:warn] [pid 67949] [client ::1:55676] AH01374: mod_include: Options +Includes (or IncludesNoExec) wasn't set, INCLUDES filter removed: /tpl/product.html, referer: http://localhost/
[Tue Dec 26 00:20:10.661443 2023] [include:warn] [pid 67775] [client ::1:56496] AH01374: mod_include: Options +Includes (or IncludesNoExec) wasn't set, INCLUDES filter removed: /tpl/product.html, referer: http://localhost/
[Tue Dec 26 00:20:12.755833 2023] [cgi:error] [pid 67776] [client ::1:56495] AH01215: ERROR:root:[]: /Users/grynch/Files/ITStep/Python-Uni/cgi/api/cart.py, referer: http://localhost/
[Tue Dec 26 00:20:45.791279 2023] [include:warn] [pid 67958] [client ::1:56650] AH01374: mod_include: Options +Includes (or IncludesNoExec) wasn't set, INCLUDES filter removed: /tpl/product.html, referer: http://localhost/
[Tue Dec 26 00:20:47.727394 2023] [cgi:error] [pid 67779] [client ::1:56649] AH01215: ERROR:root:100637654525149185: /Users/grynch/Files/ITStep/Python-Uni/cgi/api/cart.py, referer: http://localhost/
[Tue Dec 26 00:22:10.880710 2023] [include:warn] [pid 67778] [client ::1:56999] AH01374: mod_include: Options +Includes (or IncludesNoExec) wasn't set, INCLUDES filter removed: /tpl/product.html, referer: http://localhost/
[Tue Dec 26 00:22:12.873521 2023] [cgi:error] [pid 67959] [client ::1:57000] AH01215: ERROR:root:('id', 'id_user', 'id_product', 'cnt'): /Users/grynch/Files/ITStep/Python-Uni/cgi/api/cart.py, referer: http://localhost/
[Tue Dec 26 00:22:39.216627 2023] [include:warn] [pid 67777] [client ::1:57132] AH01374: mod_include: Options +Includes (or IncludesNoExec) wasn't set, INCLUDES filter removed: /tpl/product.html, referer: http://localhost/
[Tue Dec 26 00:23:17.737027 2023] [include:warn] [pid 67958] [client ::1:57296] AH01374: mod_include: Options +Includes (or IncludesNoExec) wasn't set, INCLUDES filter removed: /tpl/product.html, referer: http://localhost/
[Tue Dec 26 15:26:12.130547 2023] [include:warn] [pid 67949] [client 127.0.0.1:51697] AH01374: mod_include: Options +Includes (or IncludesNoExec) wasn't set, INCLUDES filter removed: /tpl/product.html, referer: http://127.0.0.1/
[Tue Dec 26 15:49:17.481064 2023] [include:warn] [pid 67958] [client ::1:57578] AH01374: mod_include: Options +Includes (or IncludesNoExec) wasn't set, INCLUDES filter removed: /tpl/product.html, referer: http://localhost/
[Tue Dec 26 15:49:39.959793 2023] [include:warn] [pid 67949] [client ::1:57676] AH01374: mod_include: Options +Includes (or IncludesNoExec) wasn't set, INCLUDES filter removed: /tpl/product.html, referer: http://localhost/
[Tue Dec 26 15:49:54.320970 2023] [include:warn] [pid 67776] [client ::1:57736] AH01374: mod_include: Options +Includes (or IncludesNoExec) wasn't set, INCLUDES filter removed: /tpl/product.html, referer: http://localhost/
[Thu Dec 28 00:10:08.457617 2023] [include:warn] [pid 72937] [client ::1:50086] AH01374: mod_include: Options +Includes (or IncludesNoExec) wasn't set, INCLUDES filter removed: /tpl/product.html, referer: http://localhost/
[Thu Dec 28 00:10:08.780885 2023] [cgi:error] [pid 72937] [client ::1:50086] AH01215: ERROR:root:SQL error: /Users/grynch/Files/ITStep/Python-Uni/cgi/api/product.py, referer: http://localhost/
[Thu Dec 28 00:50:25.042704 2023] [cgi:error] [pid 72938] [client ::1:60504] AH01215: Traceback (most recent call last):: /Users/grynch/Files/ITStep/Python-Uni/cgi/index.py
[Thu Dec 28 00:50:25.043498 2023] [cgi:error] [pid 72938] [client ::1:60504] AH01215:   File "/Users/grynch/Files/ITStep/Python-Uni/cgi/index.py", line 15, in <module>: /Users/grynch/Files/ITStep/Python-Uni/cgi/index.py
[Thu Dec 28 00:50:25.043572 2023] [cgi:error] [pid 72938] [client ::1:60504] AH01215:     envs_html = f"<ul>{ "".join([f"<li>{k} = {v}</li>" for k,v in envs]) }</ul>": /Users/grynch/Files/ITStep/Python-Uni/cgi/index.py
[Thu Dec 28 00:50:25.043626 2023] [cgi:error] [pid 72938] [client ::1:60504] AH01215:                                                            ^^^: /Users/grynch/Files/ITStep/Python-Uni/cgi/index.py
[Thu Dec 28 00:50:25.043670 2023] [cgi:error] [pid 72938] [client ::1:60504] AH01215: ValueError: too many values to unpack (expected 2): /Users/grynch/Files/ITStep/Python-Uni/cgi/index.py
[Thu Dec 28 00:50:25.047750 2023] [cgi:error] [pid 72938] [client ::1:60504] End of script output before headers: index.py
[Thu Dec 28 00:50:25.947757 2023] [cgi:error] [pid 72940] [client ::1:60509] AH01215: Traceback (most recent call last):: /Users/grynch/Files/ITStep/Python-Uni/cgi/index.py
[Thu Dec 28 00:50:25.948262 2023] [cgi:error] [pid 72940] [client ::1:60509] AH01215:   File "/Users/grynch/Files/ITStep/Python-Uni/cgi/index.py", line 15, in <module>: /Users/grynch/Files/ITStep/Python-Uni/cgi/index.py
[Thu Dec 28 00:50:25.948331 2023] [cgi:error] [pid 72940] [client ::1:60509] AH01215:     envs_html = f"<ul>{ "".join([f"<li>{k} = {v}</li>" for k,v in envs]) }</ul>": /Users/grynch/Files/ITStep/Python-Uni/cgi/index.py
[Thu Dec 28 00:50:25.948388 2023] [cgi:error] [pid 72940] [client ::1:60509] AH01215:                                                            ^^^: /Users/grynch/Files/ITStep/Python-Uni/cgi/index.py
[Thu Dec 28 00:50:25.948432 2023] [cgi:error] [pid 72940] [client ::1:60509] AH01215: ValueError: too many values to unpack (expected 2): /Users/grynch/Files/ITStep/Python-Uni/cgi/index.py
[Thu Dec 28 00:50:25.951977 2023] [cgi:error] [pid 72940] [client ::1:60509] End of script output before headers: index.py
[Thu Dec 28 00:50:31.910086 2023] [cgi:error] [pid 72937] [client ::1:60531] AH01215: Traceback (most recent call last):: /Users/grynch/Files/ITStep/Python-Uni/cgi/index.py
[Thu Dec 28 00:50:31.910783 2023] [cgi:error] [pid 72937] [client ::1:60531] AH01215:   File "/Users/grynch/Files/ITStep/Python-Uni/cgi/index.py", line 15, in <module>: /Users/grynch/Files/ITStep/Python-Uni/cgi/index.py
[Thu Dec 28 00:50:31.910862 2023] [cgi:error] [pid 72937] [client ::1:60531] AH01215:     envs_html = f"<ul>{ "".join([f"<li>{k} = {v}</li>" for k,v in envs]) }</ul>": /Users/grynch/Files/ITStep/Python-Uni/cgi/index.py
[Thu Dec 28 00:50:31.910917 2023] [cgi:error] [pid 72937] [client ::1:60531] AH01215:                                                            ^^^: /Users/grynch/Files/ITStep/Python-Uni/cgi/index.py
[Thu Dec 28 00:50:31.910961 2023] [cgi:error] [pid 72937] [client ::1:60531] AH01215: ValueError: too many values to unpack (expected 2): /Users/grynch/Files/ITStep/Python-Uni/cgi/index.py
[Thu Dec 28 00:50:31.914560 2023] [cgi:error] [pid 72937] [client ::1:60531] End of script output before headers: index.py
[Thu Dec 28 00:50:36.114150 2023] [cgi:error] [pid 72973] [client ::1:60552] AH01215: Traceback (most recent call last):: /Users/grynch/Files/ITStep/Python-Uni/cgi/index.py
[Thu Dec 28 00:50:36.114702 2023] [cgi:error] [pid 72973] [client ::1:60552] AH01215:   File "/Users/grynch/Files/ITStep/Python-Uni/cgi/index.py", line 15, in <module>: /Users/grynch/Files/ITStep/Python-Uni/cgi/index.py
[Thu Dec 28 00:50:36.114772 2023] [cgi:error] [pid 72973] [client ::1:60552] AH01215:     envs_html = f"<ul>{ "".join([f"<li>{k} = {v}</li>" for k,v in envs]) }</ul>": /Users/grynch/Files/ITStep/Python-Uni/cgi/index.py
[Thu Dec 28 00:50:36.114826 2023] [cgi:error] [pid 72973] [client ::1:60552] AH01215:                                                            ^^^: /Users/grynch/Files/ITStep/Python-Uni/cgi/index.py
[Thu Dec 28 00:50:36.114881 2023] [cgi:error] [pid 72973] [client ::1:60552] AH01215: ValueError: too many values to unpack (expected 2): /Users/grynch/Files/ITStep/Python-Uni/cgi/index.py
[Thu Dec 28 00:50:36.118779 2023] [cgi:error] [pid 72973] [client ::1:60552] End of script output before headers: index.py
[Thu Dec 28 00:50:39.925868 2023] [cgi:error] [pid 72936] [client ::1:60566] AH01215: Traceback (most recent call last):: /Users/grynch/Files/ITStep/Python-Uni/cgi/index.py
[Thu Dec 28 00:50:39.926855 2023] [cgi:error] [pid 72936] [client ::1:60566] AH01215:   File "/Users/grynch/Files/ITStep/Python-Uni/cgi/index.py", line 15, in <module>: /Users/grynch/Files/ITStep/Python-Uni/cgi/index.py
[Thu Dec 28 00:50:39.926931 2023] [cgi:error] [pid 72936] [client ::1:60566] AH01215:     envs_html = f"<ul>{ "".join([f"<li>{k} = {v}</li>" for k,v in envs]) }</ul>": /Users/grynch/Files/ITStep/Python-Uni/cgi/index.py
[Thu Dec 28 00:50:39.926985 2023] [cgi:error] [pid 72936] [client ::1:60566] AH01215:                                                            ^^^: /Users/grynch/Files/ITStep/Python-Uni/cgi/index.py
[Thu Dec 28 00:50:39.927029 2023] [cgi:error] [pid 72936] [client ::1:60566] AH01215: ValueError: too many values to unpack (expected 2): /Users/grynch/Files/ITStep/Python-Uni/cgi/index.py
[Thu Dec 28 00:50:39.930373 2023] [cgi:error] [pid 72936] [client ::1:60566] End of script output before headers: index.py
[Thu Dec 28 00:50:58.316386 2023] [cgi:error] [pid 72939] [client ::1:60646] AH01215: Traceback (most recent call last):: /Users/grynch/Files/ITStep/Python-Uni/cgi/index.py
[Thu Dec 28 00:50:58.317340 2023] [cgi:error] [pid 72939] [client ::1:60646] AH01215:   File "/Users/grynch/Files/ITStep/Python-Uni/cgi/index.py", line 15, in <module>: /Users/grynch/Files/ITStep/Python-Uni/cgi/index.py
[Thu Dec 28 00:50:58.317416 2023] [cgi:error] [pid 72939] [client ::1:60646] AH01215:     envs_html = f"<ul>{ "".join([f"<li>{k} = {v}</li>" for k,v in envs]) }</ul>": /Users/grynch/Files/ITStep/Python-Uni/cgi/index.py
[Thu Dec 28 00:50:58.317471 2023] [cgi:error] [pid 72939] [client ::1:60646] AH01215:                                                            ^^^: /Users/grynch/Files/ITStep/Python-Uni/cgi/index.py
[Thu Dec 28 00:50:58.317516 2023] [cgi:error] [pid 72939] [client ::1:60646] AH01215: ValueError: too many values to unpack (expected 2): /Users/grynch/Files/ITStep/Python-Uni/cgi/index.py
[Thu Dec 28 00:50:58.320762 2023] [cgi:error] [pid 72939] [client ::1:60646] End of script output before headers: index.py
[Thu Dec 28 00:51:36.820529 2023] [cgi:error] [pid 72940] [client ::1:60814] AH01215: Traceback (most recent call last):: /Users/grynch/Files/ITStep/Python-Uni/cgi/index.py
[Thu Dec 28 00:51:36.821244 2023] [cgi:error] [pid 72940] [client ::1:60814] AH01215:   File "/Users/grynch/Files/ITStep/Python-Uni/cgi/index.py", line 15, in <module>: /Users/grynch/Files/ITStep/Python-Uni/cgi/index.py
[Thu Dec 28 00:51:36.821316 2023] [cgi:error] [pid 72940] [client ::1:60814] AH01215:     envs_html = f"<ul>{ "".join([f"<li>{k} = {v}</li>" for k,v in envs]) }</ul>": /Users/grynch/Files/ITStep/Python-Uni/cgi/index.py
[Thu Dec 28 00:51:36.821370 2023] [cgi:error] [pid 72940] [client ::1:60814] AH01215:                                                            ^^^: /Users/grynch/Files/ITStep/Python-Uni/cgi/index.py
[Thu Dec 28 00:51:36.821414 2023] [cgi:error] [pid 72940] [client ::1:60814] AH01215: ValueError: too many values to unpack (expected 2): /Users/grynch/Files/ITStep/Python-Uni/cgi/index.py
[Thu Dec 28 00:51:36.825647 2023] [cgi:error] [pid 72940] [client ::1:60814] End of script output before headers: index.py
[Thu Dec 28 00:58:08.924078 2023] [cgi:error] [pid 72939] [client ::1:62526] AH01215: Traceback (most recent call last):: /Users/grynch/Files/ITStep/Python-Uni/cgi/index.py
[Thu Dec 28 00:58:08.924869 2023] [cgi:error] [pid 72939] [client ::1:62526] AH01215:   File "/Users/grynch/Files/ITStep/Python-Uni/cgi/index.py", line 14, in <module>: /Users/grynch/Files/ITStep/Python-Uni/cgi/index.py
[Thu Dec 28 00:58:08.924971 2023] [cgi:error] [pid 72939] [client ::1:62526] AH01215:     envs["QUERY_STRING"] = {k: v for k, v in [qs.split("=") for qs in envs["QUERY_STRING"].split("&")]}: /Users/grynch/Files/ITStep/Python-Uni/cgi/index.py
[Thu Dec 28 00:58:08.925008 2023] [cgi:error] [pid 72939] [client ::1:62526] AH01215:                                      ^^^^: /Users/grynch/Files/ITStep/Python-Uni/cgi/index.py
[Thu Dec 28 00:58:08.925057 2023] [cgi:error] [pid 72939] [client ::1:62526] AH01215: ValueError: not enough values to unpack (expected 2, got 1): /Users/grynch/Files/ITStep/Python-Uni/cgi/index.py
[Thu Dec 28 00:58:08.928994 2023] [cgi:error] [pid 72939] [client ::1:62526] End of script output before headers: index.py
[Thu Dec 28 01:02:41.117147 2023] [cgi:error] [pid 72938] [client ::1:63665] AH01215: Traceback (most recent call last):: /Users/grynch/Files/ITStep/Python-Uni/cgi/index.py
[Thu Dec 28 01:02:41.118064 2023] [cgi:error] [pid 72938] [client ::1:63665] AH01215:   File "/Users/grynch/Files/ITStep/Python-Uni/cgi/index.py", line 14, in <module>: /Users/grynch/Files/ITStep/Python-Uni/cgi/index.py
[Thu Dec 28 01:02:41.118154 2023] [cgi:error] [pid 72938] [client ::1:63665] AH01215:     envs["QUERY_STRING"] = {k: v for k, v in [qs.split("=") for qs in envs["QUERY_STRING"].split("&")]}: /Users/grynch/Files/ITStep/Python-Uni/cgi/index.py
[Thu Dec 28 01:02:41.118193 2023] [cgi:error] [pid 72938] [client ::1:63665] AH01215:                                      ^^^^: /Users/grynch/Files/ITStep/Python-Uni/cgi/index.py
[Thu Dec 28 01:02:41.118243 2023] [cgi:error] [pid 72938] [client ::1:63665] AH01215: ValueError: not enough values to unpack (expected 2, got 1): /Users/grynch/Files/ITStep/Python-Uni/cgi/index.py
[Thu Dec 28 01:02:41.123847 2023] [cgi:error] [pid 72938] [client ::1:63665] End of script output before headers: index.py
[Thu Dec 28 01:02:41.771370 2023] [cgi:error] [pid 72940] [client ::1:63666] AH01215: Traceback (most recent call last):: /Users/grynch/Files/ITStep/Python-Uni/cgi/index.py
[Thu Dec 28 01:02:41.771937 2023] [cgi:error] [pid 72940] [client ::1:63666] AH01215:   File "/Users/grynch/Files/ITStep/Python-Uni/cgi/index.py", line 14, in <module>: /Users/grynch/Files/ITStep/Python-Uni/cgi/index.py
[Thu Dec 28 01:02:41.772023 2023] [cgi:error] [pid 72940] [client ::1:63666] AH01215:     envs["QUERY_STRING"] = {k: v for k, v in [qs.split("=") for qs in envs["QUERY_STRING"].split("&")]}: /Users/grynch/Files/ITStep/Python-Uni/cgi/index.py
[Thu Dec 28 01:02:41.772060 2023] [cgi:error] [pid 72940] [client ::1:63666] AH01215:                                      ^^^^: /Users/grynch/Files/ITStep/Python-Uni/cgi/index.py
[Thu Dec 28 01:02:41.772110 2023] [cgi:error] [pid 72940] [client ::1:63666] AH01215: ValueError: not enough values to unpack (expected 2, got 1): /Users/grynch/Files/ITStep/Python-Uni/cgi/index.py
[Thu Dec 28 01:02:41.775742 2023] [cgi:error] [pid 72940] [client ::1:63666] End of script output before headers: index.py
[Thu Dec 28 01:03:49.669345 2023] [cgi:error] [pid 72937] [client ::1:63955] AH01215: Traceback (most recent call last):: /Users/grynch/Files/ITStep/Python-Uni/cgi/index.py
[Thu Dec 28 01:03:49.670086 2023] [cgi:error] [pid 72937] [client ::1:63955] AH01215:   File "/Users/grynch/Files/ITStep/Python-Uni/cgi/index.py", line 15, in <module>: /Users/grynch/Files/ITStep/Python-Uni/cgi/index.py
[Thu Dec 28 01:03:49.670113 2023] [cgi:error] [pid 72937] [client ::1:63955] AH01215:     for k, v in (: /Users/grynch/Files/ITStep/Python-Uni/cgi/index.py
[Thu Dec 28 01:03:49.670129 2023] [cgi:error] [pid 72937] [client ::1:63955] AH01215:         ^^^^: /Users/grynch/Files/ITStep/Python-Uni/cgi/index.py
[Thu Dec 28 01:03:49.670180 2023] [cgi:error] [pid 72937] [client ::1:63955] AH01215: ValueError: not enough values to unpack (expected 2, got 1): /Users/grynch/Files/ITStep/Python-Uni/cgi/index.py
[Thu Dec 28 01:03:49.674331 2023] [cgi:error] [pid 72937] [client ::1:63955] End of script output before headers: index.py
[Thu Dec 28 01:03:50.425940 2023] [cgi:error] [pid 72973] [client ::1:63961] AH01215: Traceback (most recent call last):: /Users/grynch/Files/ITStep/Python-Uni/cgi/index.py
[Thu Dec 28 01:03:50.426459 2023] [cgi:error] [pid 72973] [client ::1:63961] AH01215:   File "/Users/grynch/Files/ITStep/Python-Uni/cgi/index.py", line 15, in <module>: /Users/grynch/Files/ITStep/Python-Uni/cgi/index.py
[Thu Dec 28 01:03:50.426479 2023] [cgi:error] [pid 72973] [client ::1:63961] AH01215:     for k, v in (: /Users/grynch/Files/ITStep/Python-Uni/cgi/index.py
[Thu Dec 28 01:03:50.426493 2023] [cgi:error] [pid 72973] [client ::1:63961] AH01215:         ^^^^: /Users/grynch/Files/ITStep/Python-Uni/cgi/index.py
[Thu Dec 28 01:03:50.426541 2023] [cgi:error] [pid 72973] [client ::1:63961] AH01215: ValueError: not enough values to unpack (expected 2, got 1): /Users/grynch/Files/ITStep/Python-Uni/cgi/index.py
[Thu Dec 28 01:03:50.430235 2023] [cgi:error] [pid 72973] [client ::1:63961] End of script output before headers: index.py
[Thu Dec 28 01:04:59.142803 2023] [cgi:error] [pid 72939] [client ::1:64246] AH01215: Traceback (most recent call last):: /Users/grynch/Files/ITStep/Python-Uni/cgi/index.py
[Thu Dec 28 01:04:59.143475 2023] [cgi:error] [pid 72939] [client ::1:64246] AH01215:   File "/Users/grynch/Files/ITStep/Python-Uni/cgi/index.py", line 15, in <module>: /Users/grynch/Files/ITStep/Python-Uni/cgi/index.py
[Thu Dec 28 01:04:59.143501 2023] [cgi:error] [pid 72939] [client ::1:64246] AH01215:     for k, v in (: /Users/grynch/Files/ITStep/Python-Uni/cgi/index.py
[Thu Dec 28 01:04:59.143517 2023] [cgi:error] [pid 72939] [client ::1:64246] AH01215:         ^^^^: /Users/grynch/Files/ITStep/Python-Uni/cgi/index.py
[Thu Dec 28 01:04:59.143567 2023] [cgi:error] [pid 72939] [client ::1:64246] AH01215: ValueError: not enough values to unpack (expected 2, got 1): /Users/grynch/Files/ITStep/Python-Uni/cgi/index.py
[Thu Dec 28 01:04:59.147577 2023] [cgi:error] [pid 72939] [client ::1:64246] End of script output before headers: index.py
[Thu Dec 28 01:05:00.008408 2023] [cgi:error] [pid 72936] [client ::1:64251] AH01215: Traceback (most recent call last):: /Users/grynch/Files/ITStep/Python-Uni/cgi/index.py
[Thu Dec 28 01:05:00.008923 2023] [cgi:error] [pid 72936] [client ::1:64251] AH01215:   File "/Users/grynch/Files/ITStep/Python-Uni/cgi/index.py", line 15, in <module>: /Users/grynch/Files/ITStep/Python-Uni/cgi/index.py
[Thu Dec 28 01:05:00.008944 2023] [cgi:error] [pid 72936] [client ::1:64251] AH01215:     for k, v in (: /Users/grynch/Files/ITStep/Python-Uni/cgi/index.py
[Thu Dec 28 01:05:00.008960 2023] [cgi:error] [pid 72936] [client ::1:64251] AH01215:         ^^^^: /Users/grynch/Files/ITStep/Python-Uni/cgi/index.py
[Thu Dec 28 01:05:00.009009 2023] [cgi:error] [pid 72936] [client ::1:64251] AH01215: ValueError: not enough values to unpack (expected 2, got 1): /Users/grynch/Files/ITStep/Python-Uni/cgi/index.py
[Thu Dec 28 01:05:00.012758 2023] [cgi:error] [pid 72936] [client ::1:64251] End of script output before headers: index.py
[Thu Dec 28 01:08:05.016503 2023] [cgi:error] [pid 72940] [client ::1:65021] AH01215: Traceback (most recent call last):: /Users/grynch/Files/ITStep/Python-Uni/cgi/index.py
[Thu Dec 28 01:08:05.017200 2023] [cgi:error] [pid 72940] [client ::1:65021] AH01215:   File "/Users/grynch/Files/ITStep/Python-Uni/cgi/index.py", line 14, in <module>: /Users/grynch/Files/ITStep/Python-Uni/cgi/index.py
[Thu Dec 28 01:08:05.017292 2023] [cgi:error] [pid 72940] [client ::1:65021] AH01215:     envs["QUERY_STRING"] = {k: v for k, v in [qs.split("=") for qs in envs["QUERY_STRING"].split("&")]}: /Users/grynch/Files/ITStep/Python-Uni/cgi/index.py
[Thu Dec 28 01:08:05.017330 2023] [cgi:error] [pid 72940] [client ::1:65021] AH01215:                                      ^^^^: /Users/grynch/Files/ITStep/Python-Uni/cgi/index.py
[Thu Dec 28 01:08:05.017381 2023] [cgi:error] [pid 72940] [client ::1:65021] AH01215: ValueError: not enough values to unpack (expected 2, got 1): /Users/grynch/Files/ITStep/Python-Uni/cgi/index.py
[Thu Dec 28 01:08:05.021823 2023] [cgi:error] [pid 72940] [client ::1:65021] End of script output before headers: index.py
[Thu Dec 28 01:11:52.804508 2023] [cgi:error] [pid 72973] [client ::1:49622] AH01215: Traceback (most recent call last):: /Users/grynch/Files/ITStep/Python-Uni/cgi/index.py
[Thu Dec 28 01:11:52.805362 2023] [cgi:error] [pid 72973] [client ::1:49622] AH01215:   File "/Users/grynch/Files/ITStep/Python-Uni/cgi/index.py", line 16, in <module>: /Users/grynch/Files/ITStep/Python-Uni/cgi/index.py
[Thu Dec 28 01:11:52.805511 2023] [cgi:error] [pid 72973] [client ::1:49622] AH01215:     envs_html += f"<p>QUERY_STRING: {f"<ul>{ "".join([f"<li>{k} = {v}</li>" for k,v in (map(str.strip(), q.split("=")) for q in envs["QUERY_STRING"].split("&"))]) }"}</p>": /Users/grynch/Files/ITStep/Python-Uni/cgi/index.py
[Thu Dec 28 01:11:52.805641 2023] [cgi:error] [pid 72973] [client ::1:49622] AH01215:                                                      ^^^^^^^^^^^^^^^^^^^^^^^^^^^^^^^^^^^^^^^^^^^^^^^^^^^^^^^^^^^^^^^^^^^^^^^^^^^^^^^^^^^^^^^^^^^^^^^^^^^^^^^^^^^^: /Users/grynch/Files/ITStep/Python-Uni/cgi/index.py
[Thu Dec 28 01:11:52.805713 2023] [cgi:error] [pid 72973] [client ::1:49622] AH01215:   File "/Users/grynch/Files/ITStep/Python-Uni/cgi/index.py", line 16, in <genexpr>: /Users/grynch/Files/ITStep/Python-Uni/cgi/index.py
[Thu Dec 28 01:11:52.805848 2023] [cgi:error] [pid 72973] [client ::1:49622] AH01215:     envs_html += f"<p>QUERY_STRING: {f"<ul>{ "".join([f"<li>{k} = {v}</li>" for k,v in (map(str.strip(), q.split("=")) for q in envs["QUERY_STRING"].split("&"))]) }"}</p>": /Users/grynch/Files/ITStep/Python-Uni/cgi/index.py
[Thu Dec 28 01:11:52.805933 2023] [cgi:error] [pid 72973] [client ::1:49622] AH01215:                                                                                             ^^^^^^^^^^^: /Users/grynch/Files/ITStep/Python-Uni/cgi/index.py
[Thu Dec 28 01:11:52.805980 2023] [cgi:error] [pid 72973] [client ::1:49622] AH01215: TypeError: unbound method str.strip() needs an argument: /Users/grynch/Files/ITStep/Python-Uni/cgi/index.py
[Thu Dec 28 01:11:52.809555 2023] [cgi:error] [pid 72973] [client ::1:49622] End of script output before headers: index.py
[Thu Dec 28 01:11:59.321189 2023] [cgi:error] [pid 72937] [client ::1:49647] AH01215: Traceback (most recent call last):: /Users/grynch/Files/ITStep/Python-Uni/cgi/index.py
[Thu Dec 28 01:11:59.321784 2023] [cgi:error] [pid 72937] [client ::1:49647] AH01215:   File "/Users/grynch/Files/ITStep/Python-Uni/cgi/index.py", line 16, in <module>: /Users/grynch/Files/ITStep/Python-Uni/cgi/index.py
[Thu Dec 28 01:11:59.321924 2023] [cgi:error] [pid 72937] [client ::1:49647] AH01215:     envs_html += f"<p>QUERY_STRING: {f"<ul>{ "".join([f"<li>{k} = {v}</li>" for k,v in (map(str.strip(), q.split("=")) for q in envs["QUERY_STRING"].split("&"))]) }"}</p>": /Users/grynch/Files/ITStep/Python-Uni/cgi/index.py
[Thu Dec 28 01:11:59.322054 2023] [cgi:error] [pid 72937] [client ::1:49647] AH01215:                                                      ^^^^^^^^^^^^^^^^^^^^^^^^^^^^^^^^^^^^^^^^^^^^^^^^^^^^^^^^^^^^^^^^^^^^^^^^^^^^^^^^^^^^^^^^^^^^^^^^^^^^^^^^^^^^: /Users/grynch/Files/ITStep/Python-Uni/cgi/index.py
[Thu Dec 28 01:11:59.322123 2023] [cgi:error] [pid 72937] [client ::1:49647] AH01215:   File "/Users/grynch/Files/ITStep/Python-Uni/cgi/index.py", line 16, in <genexpr>: /Users/grynch/Files/ITStep/Python-Uni/cgi/index.py
[Thu Dec 28 01:11:59.322261 2023] [cgi:error] [pid 72937] [client ::1:49647] AH01215:     envs_html += f"<p>QUERY_STRING: {f"<ul>{ "".join([f"<li>{k} = {v}</li>" for k,v in (map(str.strip(), q.split("=")) for q in envs["QUERY_STRING"].split("&"))]) }"}</p>": /Users/grynch/Files/ITStep/Python-Uni/cgi/index.py
[Thu Dec 28 01:11:59.322345 2023] [cgi:error] [pid 72937] [client ::1:49647] AH01215:                                                                                             ^^^^^^^^^^^: /Users/grynch/Files/ITStep/Python-Uni/cgi/index.py
[Thu Dec 28 01:11:59.322393 2023] [cgi:error] [pid 72937] [client ::1:49647] AH01215: TypeError: unbound method str.strip() needs an argument: /Users/grynch/Files/ITStep/Python-Uni/cgi/index.py
[Thu Dec 28 01:11:59.326046 2023] [cgi:error] [pid 72937] [client ::1:49647] End of script output before headers: index.py
[Thu Dec 28 01:12:04.389888 2023] [cgi:error] [pid 72936] [client ::1:49668] AH01215: Traceback (most recent call last):: /Users/grynch/Files/ITStep/Python-Uni/cgi/index.py
[Thu Dec 28 01:12:04.390385 2023] [cgi:error] [pid 72936] [client ::1:49668] AH01215:   File "/Users/grynch/Files/ITStep/Python-Uni/cgi/index.py", line 16, in <module>: /Users/grynch/Files/ITStep/Python-Uni/cgi/index.py
[Thu Dec 28 01:12:04.390525 2023] [cgi:error] [pid 72936] [client ::1:49668] AH01215:     envs_html += f"<p>QUERY_STRING: {f"<ul>{ "".join([f"<li>{k} = {v}</li>" for k,v in (map(str.strip(), q.split("=")) for q in envs["QUERY_STRING"].split("&"))]) }"}</p>": /Users/grynch/Files/ITStep/Python-Uni/cgi/index.py
[Thu Dec 28 01:12:04.390653 2023] [cgi:error] [pid 72936] [client ::1:49668] AH01215:                                                      ^^^^^^^^^^^^^^^^^^^^^^^^^^^^^^^^^^^^^^^^^^^^^^^^^^^^^^^^^^^^^^^^^^^^^^^^^^^^^^^^^^^^^^^^^^^^^^^^^^^^^^^^^^^^: /Users/grynch/Files/ITStep/Python-Uni/cgi/index.py
[Thu Dec 28 01:12:04.390721 2023] [cgi:error] [pid 72936] [client ::1:49668] AH01215:   File "/Users/grynch/Files/ITStep/Python-Uni/cgi/index.py", line 16, in <genexpr>: /Users/grynch/Files/ITStep/Python-Uni/cgi/index.py
[Thu Dec 28 01:12:04.390856 2023] [cgi:error] [pid 72936] [client ::1:49668] AH01215:     envs_html += f"<p>QUERY_STRING: {f"<ul>{ "".join([f"<li>{k} = {v}</li>" for k,v in (map(str.strip(), q.split("=")) for q in envs["QUERY_STRING"].split("&"))]) }"}</p>": /Users/grynch/Files/ITStep/Python-Uni/cgi/index.py
[Thu Dec 28 01:12:04.390938 2023] [cgi:error] [pid 72936] [client ::1:49668] AH01215:                                                                                             ^^^^^^^^^^^: /Users/grynch/Files/ITStep/Python-Uni/cgi/index.py
[Thu Dec 28 01:12:04.390984 2023] [cgi:error] [pid 72936] [client ::1:49668] AH01215: TypeError: unbound method str.strip() needs an argument: /Users/grynch/Files/ITStep/Python-Uni/cgi/index.py
[Thu Dec 28 01:12:04.394661 2023] [cgi:error] [pid 72936] [client ::1:49668] End of script output before headers: index.py
[Thu Dec 28 01:13:34.139472 2023] [cgi:error] [pid 72939] [client ::1:50040] AH01215: Traceback (most recent call last):: /Users/grynch/Files/ITStep/Python-Uni/cgi/index.py
[Thu Dec 28 01:13:34.140233 2023] [cgi:error] [pid 72939] [client ::1:50040] AH01215:   File "/Users/grynch/Files/ITStep/Python-Uni/cgi/index.py", line 16, in <module>: /Users/grynch/Files/ITStep/Python-Uni/cgi/index.py
[Thu Dec 28 01:13:34.140371 2023] [cgi:error] [pid 72939] [client ::1:50040] AH01215:     envs_html += f"<p>QUERY_STRING: {f"<ul>{ "".join([f"<li>{k} = {v}</li>" for k,v in (map(str.strip(), q.split("=")) for q in envs["QUERY_STRING"])]) }"}</p>": /Users/grynch/Files/ITStep/Python-Uni/cgi/index.py
[Thu Dec 28 01:13:34.140493 2023] [cgi:error] [pid 72939] [client ::1:50040] AH01215:                                                      ^^^^^^^^^^^^^^^^^^^^^^^^^^^^^^^^^^^^^^^^^^^^^^^^^^^^^^^^^^^^^^^^^^^^^^^^^^^^^^^^^^^^^^^^^^^^^^^^^: /Users/grynch/Files/ITStep/Python-Uni/cgi/index.py
[Thu Dec 28 01:13:34.140561 2023] [cgi:error] [pid 72939] [client ::1:50040] AH01215:   File "/Users/grynch/Files/ITStep/Python-Uni/cgi/index.py", line 16, in <genexpr>: /Users/grynch/Files/ITStep/Python-Uni/cgi/index.py
[Thu Dec 28 01:13:34.140689 2023] [cgi:error] [pid 72939] [client ::1:50040] AH01215:     envs_html += f"<p>QUERY_STRING: {f"<ul>{ "".join([f"<li>{k} = {v}</li>" for k,v in (map(str.strip(), q.split("=")) for q in envs["QUERY_STRING"])]) }"}</p>": /Users/grynch/Files/ITStep/Python-Uni/cgi/index.py
[Thu Dec 28 01:13:34.140773 2023] [cgi:error] [pid 72939] [client ::1:50040] AH01215:                                                                                             ^^^^^^^^^^^: /Users/grynch/Files/ITStep/Python-Uni/cgi/index.py
[Thu Dec 28 01:13:34.140820 2023] [cgi:error] [pid 72939] [client ::1:50040] AH01215: TypeError: unbound method str.strip() needs an argument: /Users/grynch/Files/ITStep/Python-Uni/cgi/index.py
[Thu Dec 28 01:13:34.144780 2023] [cgi:error] [pid 72939] [client ::1:50040] End of script output before headers: index.py
[Thu Dec 28 01:13:34.906470 2023] [cgi:error] [pid 72938] [client ::1:50045] AH01215: Traceback (most recent call last):: /Users/grynch/Files/ITStep/Python-Uni/cgi/index.py
[Thu Dec 28 01:13:34.907076 2023] [cgi:error] [pid 72938] [client ::1:50045] AH01215:   File "/Users/grynch/Files/ITStep/Python-Uni/cgi/index.py", line 16, in <module>: /Users/grynch/Files/ITStep/Python-Uni/cgi/index.py
[Thu Dec 28 01:13:34.907211 2023] [cgi:error] [pid 72938] [client ::1:50045] AH01215:     envs_html += f"<p>QUERY_STRING: {f"<ul>{ "".join([f"<li>{k} = {v}</li>" for k,v in (map(str.strip(), q.split("=")) for q in envs["QUERY_STRING"])]) }"}</p>": /Users/grynch/Files/ITStep/Python-Uni/cgi/index.py
[Thu Dec 28 01:13:34.907337 2023] [cgi:error] [pid 72938] [client ::1:50045] AH01215:                                                      ^^^^^^^^^^^^^^^^^^^^^^^^^^^^^^^^^^^^^^^^^^^^^^^^^^^^^^^^^^^^^^^^^^^^^^^^^^^^^^^^^^^^^^^^^^^^^^^^^: /Users/grynch/Files/ITStep/Python-Uni/cgi/index.py
[Thu Dec 28 01:13:34.907406 2023] [cgi:error] [pid 72938] [client ::1:50045] AH01215:   File "/Users/grynch/Files/ITStep/Python-Uni/cgi/index.py", line 16, in <genexpr>: /Users/grynch/Files/ITStep/Python-Uni/cgi/index.py
[Thu Dec 28 01:13:34.907538 2023] [cgi:error] [pid 72938] [client ::1:50045] AH01215:     envs_html += f"<p>QUERY_STRING: {f"<ul>{ "".join([f"<li>{k} = {v}</li>" for k,v in (map(str.strip(), q.split("=")) for q in envs["QUERY_STRING"])]) }"}</p>": /Users/grynch/Files/ITStep/Python-Uni/cgi/index.py
[Thu Dec 28 01:13:34.907625 2023] [cgi:error] [pid 72938] [client ::1:50045] AH01215:                                                                                             ^^^^^^^^^^^: /Users/grynch/Files/ITStep/Python-Uni/cgi/index.py
[Thu Dec 28 01:13:34.907675 2023] [cgi:error] [pid 72938] [client ::1:50045] AH01215: TypeError: unbound method str.strip() needs an argument: /Users/grynch/Files/ITStep/Python-Uni/cgi/index.py
[Thu Dec 28 01:13:34.922504 2023] [cgi:error] [pid 72938] [client ::1:50045] End of script output before headers: index.py
[Thu Dec 28 01:13:44.601663 2023] [cgi:error] [pid 72940] [client ::1:50084] AH01215: Traceback (most recent call last):: /Users/grynch/Files/ITStep/Python-Uni/cgi/index.py
[Thu Dec 28 01:13:44.602319 2023] [cgi:error] [pid 72940] [client ::1:50084] AH01215:   File "/Users/grynch/Files/ITStep/Python-Uni/cgi/index.py", line 16, in <module>: /Users/grynch/Files/ITStep/Python-Uni/cgi/index.py
[Thu Dec 28 01:13:44.602458 2023] [cgi:error] [pid 72940] [client ::1:50084] AH01215:     envs_html += f"<p>QUERY_STRING: {f"<ul>{ "".join([f"<li>{k} = {v}</li>" for k,v in (map(str.strip(), q.split("=")) for q in envs["QUERY_STRING"])]) }"}</p>": /Users/grynch/Files/ITStep/Python-Uni/cgi/index.py
[Thu Dec 28 01:13:44.602579 2023] [cgi:error] [pid 72940] [client ::1:50084] AH01215:                                                      ^^^^^^^^^^^^^^^^^^^^^^^^^^^^^^^^^^^^^^^^^^^^^^^^^^^^^^^^^^^^^^^^^^^^^^^^^^^^^^^^^^^^^^^^^^^^^^^^^: /Users/grynch/Files/ITStep/Python-Uni/cgi/index.py
[Thu Dec 28 01:13:44.602648 2023] [cgi:error] [pid 72940] [client ::1:50084] AH01215:   File "/Users/grynch/Files/ITStep/Python-Uni/cgi/index.py", line 16, in <genexpr>: /Users/grynch/Files/ITStep/Python-Uni/cgi/index.py
[Thu Dec 28 01:13:44.602776 2023] [cgi:error] [pid 72940] [client ::1:50084] AH01215:     envs_html += f"<p>QUERY_STRING: {f"<ul>{ "".join([f"<li>{k} = {v}</li>" for k,v in (map(str.strip(), q.split("=")) for q in envs["QUERY_STRING"])]) }"}</p>": /Users/grynch/Files/ITStep/Python-Uni/cgi/index.py
[Thu Dec 28 01:13:44.602863 2023] [cgi:error] [pid 72940] [client ::1:50084] AH01215:                                                                                             ^^^^^^^^^^^: /Users/grynch/Files/ITStep/Python-Uni/cgi/index.py
[Thu Dec 28 01:13:44.602910 2023] [cgi:error] [pid 72940] [client ::1:50084] AH01215: TypeError: unbound method str.strip() needs an argument: /Users/grynch/Files/ITStep/Python-Uni/cgi/index.py
[Thu Dec 28 01:13:44.607010 2023] [cgi:error] [pid 72940] [client ::1:50084] End of script output before headers: index.py
[Thu Dec 28 01:14:15.298774 2023] [cgi:error] [pid 72937] [client ::1:50212] AH01215: Traceback (most recent call last):: /Users/grynch/Files/ITStep/Python-Uni/cgi/index.py
[Thu Dec 28 01:14:15.299451 2023] [cgi:error] [pid 72937] [client ::1:50212] AH01215:   File "/Users/grynch/Files/ITStep/Python-Uni/cgi/index.py", line 16, in <module>: /Users/grynch/Files/ITStep/Python-Uni/cgi/index.py
[Thu Dec 28 01:14:15.299599 2023] [cgi:error] [pid 72937] [client ::1:50212] AH01215:     envs_html += f"<p>QUERY_STRING: {f"<ul>{ "".join([f"<li>{k} = {v}</li>" for k,v in (map(str.strip(), q.split("=")) for q in envs["QUERY_STRING"].split("&"))]) }"}</p>": /Users/grynch/Files/ITStep/Python-Uni/cgi/index.py
[Thu Dec 28 01:14:15.299733 2023] [cgi:error] [pid 72937] [client ::1:50212] AH01215:                                                      ^^^^^^^^^^^^^^^^^^^^^^^^^^^^^^^^^^^^^^^^^^^^^^^^^^^^^^^^^^^^^^^^^^^^^^^^^^^^^^^^^^^^^^^^^^^^^^^^^^^^^^^^^^^^: /Users/grynch/Files/ITStep/Python-Uni/cgi/index.py
[Thu Dec 28 01:14:15.299802 2023] [cgi:error] [pid 72937] [client ::1:50212] AH01215:   File "/Users/grynch/Files/ITStep/Python-Uni/cgi/index.py", line 16, in <genexpr>: /Users/grynch/Files/ITStep/Python-Uni/cgi/index.py
[Thu Dec 28 01:14:15.299937 2023] [cgi:error] [pid 72937] [client ::1:50212] AH01215:     envs_html += f"<p>QUERY_STRING: {f"<ul>{ "".join([f"<li>{k} = {v}</li>" for k,v in (map(str.strip(), q.split("=")) for q in envs["QUERY_STRING"].split("&"))]) }"}</p>": /Users/grynch/Files/ITStep/Python-Uni/cgi/index.py
[Thu Dec 28 01:14:15.300021 2023] [cgi:error] [pid 72937] [client ::1:50212] AH01215:                                                                                             ^^^^^^^^^^^: /Users/grynch/Files/ITStep/Python-Uni/cgi/index.py
[Thu Dec 28 01:14:15.300068 2023] [cgi:error] [pid 72937] [client ::1:50212] AH01215: TypeError: unbound method str.strip() needs an argument: /Users/grynch/Files/ITStep/Python-Uni/cgi/index.py
[Thu Dec 28 01:14:15.304589 2023] [cgi:error] [pid 72937] [client ::1:50212] End of script output before headers: index.py
[Thu Dec 28 01:15:41.830931 2023] [cgi:error] [pid 72936] [client ::1:50570] AH01215: Traceback (most recent call last):: /Users/grynch/Files/ITStep/Python-Uni/cgi/index.py
[Thu Dec 28 01:15:41.831612 2023] [cgi:error] [pid 72936] [client ::1:50570] AH01215:   File "/Users/grynch/Files/ITStep/Python-Uni/cgi/index.py", line 16, in <module>: /Users/grynch/Files/ITStep/Python-Uni/cgi/index.py
[Thu Dec 28 01:15:41.831765 2023] [cgi:error] [pid 72936] [client ::1:50570] AH01215:     envs_html += f"<p>QUERY_STRING: {f"<ul>{ "".join([f"<li>{k} = {v}</li>" for k,v in {map(str.strip(), q.split("=")) for q in envs["QUERY_STRING"].split("&")}.items()]) }"}</p>": /Users/grynch/Files/ITStep/Python-Uni/cgi/index.py
[Thu Dec 28 01:15:41.831851 2023] [cgi:error] [pid 72936] [client ::1:50570] AH01215:                                                                                             ^^^^^^^^^^^: /Users/grynch/Files/ITStep/Python-Uni/cgi/index.py
[Thu Dec 28 01:15:41.831900 2023] [cgi:error] [pid 72936] [client ::1:50570] AH01215: TypeError: unbound method str.strip() needs an argument: /Users/grynch/Files/ITStep/Python-Uni/cgi/index.py
[Thu Dec 28 01:15:41.836306 2023] [cgi:error] [pid 72936] [client ::1:50570] End of script output before headers: index.py
[Thu Dec 28 01:15:42.502298 2023] [cgi:error] [pid 72939] [client ::1:50575] AH01215: Traceback (most recent call last):: /Users/grynch/Files/ITStep/Python-Uni/cgi/index.py
[Thu Dec 28 01:15:42.502979 2023] [cgi:error] [pid 72939] [client ::1:50575] AH01215:   File "/Users/grynch/Files/ITStep/Python-Uni/cgi/index.py", line 16, in <module>: /Users/grynch/Files/ITStep/Python-Uni/cgi/index.py
[Thu Dec 28 01:15:42.503131 2023] [cgi:error] [pid 72939] [client ::1:50575] AH01215:     envs_html += f"<p>QUERY_STRING: {f"<ul>{ "".join([f"<li>{k} = {v}</li>" for k,v in {map(str.strip(), q.split("=")) for q in envs["QUERY_STRING"].split("&")}.items()]) }"}</p>": /Users/grynch/Files/ITStep/Python-Uni/cgi/index.py
[Thu Dec 28 01:15:42.503233 2023] [cgi:error] [pid 72939] [client ::1:50575] AH01215:                                                                                             ^^^^^^^^^^^: /Users/grynch/Files/ITStep/Python-Uni/cgi/index.py
[Thu Dec 28 01:15:42.503283 2023] [cgi:error] [pid 72939] [client ::1:50575] AH01215: TypeError: unbound method str.strip() needs an argument: /Users/grynch/Files/ITStep/Python-Uni/cgi/index.py
[Thu Dec 28 01:15:42.507610 2023] [cgi:error] [pid 72939] [client ::1:50575] End of script output before headers: index.py
[Thu Dec 28 01:19:07.574942 2023] [cgi:error] [pid 72938] [client ::1:51421] AH01215: Traceback (most recent call last):: /Users/grynch/Files/ITStep/Python-Uni/cgi/index.py
[Thu Dec 28 01:19:07.575654 2023] [cgi:error] [pid 72938] [client ::1:51421] AH01215:   File "/Users/grynch/Files/ITStep/Python-Uni/cgi/index.py", line 16, in <module>: /Users/grynch/Files/ITStep/Python-Uni/cgi/index.py
[Thu Dec 28 01:19:07.575805 2023] [cgi:error] [pid 72938] [client ::1:51421] AH01215:     envs_html += f"<p>QUERY_STRING: {f"<ul>{ "".join([f"<li>{k} = {v}</li>" for k,v in {k: int(v) for k, v in (pair.split('=') for pair in envs["QUERY_STRING"].split('&'))}]) }"}</p>": /Users/grynch/Files/ITStep/Python-Uni/cgi/index.py
[Thu Dec 28 01:19:07.575876 2023] [cgi:error] [pid 72938] [client ::1:51421] AH01215:                                                                                 ^^^: /Users/grynch/Files/ITStep/Python-Uni/cgi/index.py
[Thu Dec 28 01:19:07.575927 2023] [cgi:error] [pid 72938] [client ::1:51421] AH01215: ValueError: not enough values to unpack (expected 2, got 1): /Users/grynch/Files/ITStep/Python-Uni/cgi/index.py
[Thu Dec 28 01:19:07.580257 2023] [cgi:error] [pid 72938] [client ::1:51421] End of script output before headers: index.py
[Thu Dec 28 01:19:08.268442 2023] [cgi:error] [pid 72940] [client ::1:51426] AH01215: Traceback (most recent call last):: /Users/grynch/Files/ITStep/Python-Uni/cgi/index.py
[Thu Dec 28 01:19:08.268982 2023] [cgi:error] [pid 72940] [client ::1:51426] AH01215:   File "/Users/grynch/Files/ITStep/Python-Uni/cgi/index.py", line 16, in <module>: /Users/grynch/Files/ITStep/Python-Uni/cgi/index.py
[Thu Dec 28 01:19:08.269129 2023] [cgi:error] [pid 72940] [client ::1:51426] AH01215:     envs_html += f"<p>QUERY_STRING: {f"<ul>{ "".join([f"<li>{k} = {v}</li>" for k,v in {k: int(v) for k, v in (pair.split('=') for pair in envs["QUERY_STRING"].split('&'))}]) }"}</p>": /Users/grynch/Files/ITStep/Python-Uni/cgi/index.py
[Thu Dec 28 01:19:08.269200 2023] [cgi:error] [pid 72940] [client ::1:51426] AH01215:                                                                                 ^^^: /Users/grynch/Files/ITStep/Python-Uni/cgi/index.py
[Thu Dec 28 01:19:08.269252 2023] [cgi:error] [pid 72940] [client ::1:51426] AH01215: ValueError: not enough values to unpack (expected 2, got 1): /Users/grynch/Files/ITStep/Python-Uni/cgi/index.py
[Thu Dec 28 01:19:08.273151 2023] [cgi:error] [pid 72940] [client ::1:51426] End of script output before headers: index.py
[Thu Dec 28 01:26:39.017741 2023] [cgi:error] [pid 72937] [client ::1:53334] AH01215: Traceback (most recent call last):: /Users/grynch/Files/ITStep/Python-Uni/cgi/index.py
[Thu Dec 28 01:26:39.018446 2023] [cgi:error] [pid 72937] [client ::1:53334] AH01215:   File "/Users/grynch/Files/ITStep/Python-Uni/cgi/index.py", line 17, in <module>: /Users/grynch/Files/ITStep/Python-Uni/cgi/index.py
[Thu Dec 28 01:26:39.018507 2023] [cgi:error] [pid 72937] [client ::1:53334] AH01215:     print({k: v for k, v, c in envs["QUERY_STRING"].split('&')}): /Users/grynch/Files/ITStep/Python-Uni/cgi/index.py
[Thu Dec 28 01:26:39.018535 2023] [cgi:error] [pid 72937] [client ::1:53334] AH01215:                     ^^^^^^^: /Users/grynch/Files/ITStep/Python-Uni/cgi/index.py
[Thu Dec 28 01:26:39.018599 2023] [cgi:error] [pid 72937] [client ::1:53334] AH01215: ValueError: too many values to unpack (expected 3): /Users/grynch/Files/ITStep/Python-Uni/cgi/index.py
[Thu Dec 28 01:26:39.023339 2023] [cgi:error] [pid 72937] [client ::1:53334] End of script output before headers: index.py
